2026-01-10 16:09:31,817 - persistence-service - INFO - Creating Qdrant collection: pdf_chunks
2026-01-10 16:11:32,237 - api-server - INFO - Received embedding request for PDF: 785617c3-eb21-4802-8bf5-a3080ddd0f59
2026-01-10 16:11:32,247 - processor - INFO - --- START EMBEDDING PROCESS FOR PDF: 785617c3-eb21-4802-8bf5-a3080ddd0f59 ---
2026-01-10 16:11:32,289 - processor - INFO - Found 79 chunks to embed.
2026-01-10 16:11:52,310 - processor - INFO - Upserting 79 points to Qdrant...
2026-01-10 16:11:52,372 - persistence-service - INFO - Successfully upserted 79 points to Qdrant for PDF 785617c3-eb21-4802-8bf5-a3080ddd0f59
2026-01-10 16:11:52,387 - processor - INFO - --- SUCCESS: PDF 785617c3-eb21-4802-8bf5-a3080ddd0f59 embeddings generated and stored ---
2026-01-10 16:20:05,559 - api-server - INFO - Received embedding request for PDF: 785617c3-eb21-4802-8bf5-a3080ddd0f59
2026-01-10 16:20:05,568 - processor - INFO - --- START EMBEDDING PROCESS FOR PDF: 785617c3-eb21-4802-8bf5-a3080ddd0f59 ---
2026-01-10 16:20:05,593 - processor - INFO - Found 79 chunks to embed.
2026-01-10 16:20:30,833 - processor - INFO - Upserting 79 points to Qdrant...
2026-01-10 16:20:30,924 - qdrant-service - INFO - Successfully upserted 79 points to Qdrant for PDF 785617c3-eb21-4802-8bf5-a3080ddd0f59
2026-01-10 16:20:30,944 - processor - INFO - --- SUCCESS: PDF 785617c3-eb21-4802-8bf5-a3080ddd0f59 embeddings generated and stored ---
2026-01-11 14:05:04,239 - qdrant-service - ERROR - Error ensuring Qdrant collection: [Errno 111] Connection refused
2026-01-11 15:11:36,041 - qdrant-service - INFO - Creating Qdrant collection: pdf_chunks
2026-01-11 15:24:44,053 - api-server - INFO - Received batch processing request (limit=1)
2026-01-11 15:24:44,055 - processor - INFO - --- START BATCH PROCESSING (limit=1) ---
2026-01-11 15:24:44,088 - processor - INFO - Fetched and locked 1 PDFs for processing
2026-01-11 15:24:44,088 - processor - INFO - Processing PDF: інструкція_сварочний.pdf (ID: d1e8209a-427d-43e2-91fa-ca1b6bed27e0)
2026-01-11 15:24:44,089 - processor - INFO - --- START EMBEDDING PROCESS FOR PDF: d1e8209a-427d-43e2-91fa-ca1b6bed27e0 ---
2026-01-11 15:24:44,103 - processor - INFO - Found 79 chunks to embed.
2026-01-11 15:25:04,868 - processor - INFO - Upserting 79 points to Qdrant...
2026-01-11 15:25:04,927 - qdrant-service - INFO - Successfully upserted 79 points to Qdrant for PDF d1e8209a-427d-43e2-91fa-ca1b6bed27e0
2026-01-11 15:25:04,937 - processor - INFO - --- SUCCESS: PDF d1e8209a-427d-43e2-91fa-ca1b6bed27e0 embeddings generated and stored ---
2026-01-11 15:25:04,938 - processor - INFO - --- BATCH COMPLETE: 1 succeeded, 0 failed ---
2026-01-11 15:38:07,346 - qdrant-service - INFO - Creating Qdrant collection: pdf_chunks
2026-01-11 15:41:28,007 - api-server - INFO - Received batch processing request (limit=5)
2026-01-11 15:41:28,009 - processor - INFO - --- START BATCH PROCESSING (limit=5) ---
2026-01-11 15:41:28,053 - processor - INFO - Fetched and locked 1 PDFs for processing
2026-01-11 15:41:28,053 - processor - INFO - Processing PDF: інструкція_сварочний.pdf (ID: 0d2243b3-d1ae-40ac-885b-4bd1c3a55ca8)
2026-01-11 15:41:28,053 - processor - INFO - --- START EMBEDDING PROCESS FOR PDF: 0d2243b3-d1ae-40ac-885b-4bd1c3a55ca8 ---
2026-01-11 15:41:28,079 - processor - INFO - Found 79 chunks to embed.
2026-01-11 15:41:47,867 - processor - INFO - Upserting 79 points to Qdrant...
2026-01-11 15:41:47,924 - qdrant-service - INFO - Successfully upserted 79 points to Qdrant for PDF 0d2243b3-d1ae-40ac-885b-4bd1c3a55ca8
2026-01-11 15:41:47,936 - processor - INFO - --- SUCCESS: PDF 0d2243b3-d1ae-40ac-885b-4bd1c3a55ca8 embeddings generated and stored ---
2026-01-11 15:41:47,936 - processor - INFO - --- BATCH COMPLETE: 1 succeeded, 0 failed ---
2026-01-11 15:43:42,621 - api-server - INFO - Received status request for 1 PDFs
2026-01-11 15:44:05,220 - api-server - INFO - Received chunk request for 1 PDFs
2026-01-11 15:48:43,046 - qdrant-service - INFO - Creating Qdrant collection: pdf_chunks
2026-01-11 15:49:25,701 - api-server - INFO - Received batch processing request (limit=5)
2026-01-11 15:49:25,702 - processor - INFO - --- FETCHING BATCH (limit=5) ---
2026-01-11 15:49:25,741 - processor - INFO - No new PDFs found for embedding.
2026-01-11 15:51:43,897 - api-server - INFO - Received batch processing request (limit=5)
2026-01-11 15:51:43,900 - processor - INFO - --- FETCHING BATCH (limit=5) ---
2026-01-11 15:51:43,931 - processor - INFO - Fetched and locked 1 PDFs for processing
2026-01-11 15:51:43,942 - processor - INFO - --- STARTING BACKGROUND PROCESSING FOR 1 PDFs ---
2026-01-11 15:51:43,943 - processor - INFO - Processing PDF in background: інструкція_сварочний.pdf (ID: 0cecd092-122b-4321-8ec3-e5c0369233d0)
2026-01-11 15:51:43,943 - processor - INFO - --- START EMBEDDING PROCESS FOR PDF: 0cecd092-122b-4321-8ec3-e5c0369233d0 ---
2026-01-11 15:51:43,963 - processor - INFO - Found 79 chunks to embed.
2026-01-11 15:52:02,295 - processor - INFO - Upserting 79 points to Qdrant...
2026-01-11 15:52:02,377 - qdrant-service - INFO - Successfully upserted 79 points to Qdrant for PDF 0cecd092-122b-4321-8ec3-e5c0369233d0
2026-01-11 15:52:02,388 - processor - INFO - --- SUCCESS: PDF 0cecd092-122b-4321-8ec3-e5c0369233d0 embeddings generated and stored ---
2026-01-11 15:52:02,390 - processor - INFO - --- BACKGROUND PROCESSING COMPLETE ---
2026-01-11 15:52:24,074 - api-server - INFO - Received status request for 1 PDFs
2026-01-11 15:52:55,584 - api-server - INFO - Received chunk request for 1 PDFs
2026-01-11 16:17:44,338 - qdrant-service - INFO - Creating Qdrant collection: pdf_chunks
2026-01-11 16:18:16,975 - api-server - INFO - Received batch processing request (limit=2)
2026-01-11 16:18:16,977 - processor - INFO - --- FETCHING BATCH (limit=2) ---
2026-01-11 16:18:17,031 - processor - INFO - No new PDFs found for embedding.
2026-01-11 16:21:19,617 - api-server - INFO - Received batch processing request (limit=2)
2026-01-11 16:21:19,620 - processor - INFO - --- FETCHING BATCH (limit=2) ---
2026-01-11 16:21:19,643 - processor - INFO - Fetched and locked 1 PDFs for processing
2026-01-11 16:21:19,658 - processor - INFO - --- STARTING BACKGROUND PROCESSING FOR 1 PDFs ---
2026-01-11 16:21:19,659 - processor - INFO - Processing PDF in background: інструкція_сварочний.pdf (ID: df8a9dcc-6da3-4c59-8212-1c05ace62a8c)
2026-01-11 16:21:19,660 - processor - INFO - --- START EMBEDDING PROCESS FOR PDF: df8a9dcc-6da3-4c59-8212-1c05ace62a8c ---
2026-01-11 16:21:19,679 - processor - INFO - Found 79 chunks to embed.
2026-01-11 16:21:32,267 - api-server - INFO - Received status request for 1 PDFs
2026-01-11 16:21:39,555 - processor - INFO - Upserting 79 points to Qdrant...
2026-01-11 16:21:39,629 - qdrant-service - INFO - Successfully upserted 79 points to Qdrant for PDF df8a9dcc-6da3-4c59-8212-1c05ace62a8c
2026-01-11 16:21:39,644 - processor - INFO - --- SUCCESS: PDF df8a9dcc-6da3-4c59-8212-1c05ace62a8c embeddings generated and stored ---
2026-01-11 16:21:39,645 - processor - INFO - --- BACKGROUND PROCESSING COMPLETE ---
2026-01-11 16:21:56,542 - api-server - INFO - Received status request for 1 PDFs
2026-01-11 16:35:58,336 - api-server - INFO - Received batch processing request (limit=2)
2026-01-11 16:35:58,338 - processor - INFO - --- FETCHING BATCH (limit=2) ---
2026-01-11 16:35:58,366 - processor - INFO - Fetched and locked 1 PDFs for processing
2026-01-11 16:35:58,370 - processor - INFO - --- STARTING BACKGROUND PROCESSING FOR 1 PDFs ---
2026-01-11 16:35:58,371 - processor - INFO - Processing PDF in background: інструкція_сварочний.pdf (ID: daaab170-8aea-4d15-b7c8-92d1ebd40262)
2026-01-11 16:35:58,371 - processor - INFO - --- START EMBEDDING PROCESS FOR PDF: daaab170-8aea-4d15-b7c8-92d1ebd40262 ---
2026-01-11 16:35:58,396 - processor - INFO - Found 79 chunks to embed.
2026-01-11 16:36:17,411 - api-server - INFO - Received status request for 1 PDFs
2026-01-11 16:36:19,008 - processor - INFO - Upserting 79 points to Qdrant...
2026-01-11 16:36:19,051 - qdrant-service - ERROR - Qdrant upsert error: Unexpected Response: 404 (Not Found)
Raw response content:
b'{"status":{"error":"Not found: Collection `pdf_chunks` doesn\'t exist!"},"time":0.000136084}'
2026-01-11 16:36:19,052 - processor - ERROR - FATAL ERROR while embedding PDF daaab170-8aea-4d15-b7c8-92d1ebd40262: Unexpected Response: 404 (Not Found)
Raw response content:
b'{"status":{"error":"Not found: Collection `pdf_chunks` doesn\'t exist!"},"time":0.000136084}'
2026-01-11 16:36:19,068 - processor - ERROR - Failed to process інструкція_сварочний.pdf in background: Unexpected Response: 404 (Not Found)
Raw response content:
b'{"status":{"error":"Not found: Collection `pdf_chunks` doesn\'t exist!"},"time":0.000136084}'
2026-01-11 16:36:19,069 - processor - INFO - --- BACKGROUND PROCESSING COMPLETE ---
2026-01-11 16:36:26,810 - api-server - INFO - Received status request for 1 PDFs
2026-01-11 16:42:02,639 - qdrant-service - INFO - Creating Qdrant collection with named vectors: pdf_chunks
2026-01-11 16:43:41,383 - api-server - INFO - Received batch processing request (limit=2)
2026-01-11 16:43:41,384 - processor - INFO - --- FETCHING BATCH (limit=2) ---
2026-01-11 16:43:41,408 - processor - INFO - Fetched and locked 1 PDFs for processing
2026-01-11 16:43:41,414 - processor - INFO - --- STARTING BACKGROUND PROCESSING FOR 1 PDFs ---
2026-01-11 16:43:41,415 - processor - INFO - Processing PDF in background: інструкція_сварочний.pdf (ID: e7e1e6b2-f9bf-49bd-b5e2-0aa01c6e0828)
2026-01-11 16:43:41,415 - processor - INFO - --- START EMBEDDING PROCESS FOR PDF: e7e1e6b2-f9bf-49bd-b5e2-0aa01c6e0828 ---
2026-01-11 16:43:41,439 - processor - INFO - Found 79 chunks to embed.
2026-01-11 16:43:55,572 - api-server - INFO - Received status request for 1 PDFs
2026-01-11 16:44:02,944 - api-server - INFO - Received status request for 1 PDFs
2026-01-11 16:44:03,366 - processor - INFO - Upserting 79 points to Qdrant...
2026-01-11 16:44:03,504 - qdrant-service - INFO - Successfully upserted 79 points to Qdrant for PDF e7e1e6b2-f9bf-49bd-b5e2-0aa01c6e0828
2026-01-11 16:44:03,517 - processor - INFO - --- SUCCESS: PDF e7e1e6b2-f9bf-49bd-b5e2-0aa01c6e0828 embeddings generated and stored ---
2026-01-11 16:44:03,518 - processor - INFO - --- BACKGROUND PROCESSING COMPLETE ---
2026-01-11 16:44:12,281 - api-server - INFO - Received status request for 1 PDFs
2026-01-12 13:26:49,658 - qdrant-service - ERROR - Error ensuring Qdrant collection: [Errno 111] Connection refused
2026-01-12 13:42:31,799 - qdrant-service - ERROR - Error ensuring Qdrant collection: [Errno 111] Connection refused
2026-01-12 13:52:02,727 - qdrant-service - ERROR - Error ensuring Qdrant collection: [Errno 111] Connection refused
