2026-01-08 15:21:08,171 - text-searcher-api - INFO - Starting Text Searcher Microservice...
2026-01-08 15:21:08,175 - search-service - INFO - Initializing Embedding Model (SentenceTransformer)...
2026-01-08 15:21:10,636 - search-service - INFO - Initializing Qdrant client at qdrant-pdf-vector-db:6333
2026-01-08 15:21:10,662 - text-searcher-api - INFO - Service initialized successfully.
2026-01-08 16:52:57,530 - text-searcher-api - INFO - Shutting down Text Searcher Microservice...
2026-01-08 16:53:12,376 - text-searcher-api - INFO - Starting Text Searcher Microservice...
2026-01-08 16:53:12,376 - search-service - INFO - Initializing Embedding Model (SentenceTransformer)...
2026-01-08 16:53:15,104 - search-service - INFO - Initializing Qdrant client at qdrant-pdf-vector-db:6333
2026-01-08 16:53:15,128 - text-searcher-api - INFO - Service initialized successfully.
2026-01-08 16:59:39,292 - text-searcher-api - INFO - Shutting down Text Searcher Microservice...
2026-01-08 17:05:08,799 - text-searcher-api - INFO - Starting Text Searcher Microservice...
2026-01-08 17:05:08,799 - search-service - INFO - Initializing Embedding Model (SentenceTransformer)...
2026-01-08 17:05:11,280 - search-service - INFO - Initializing Qdrant client at qdrant-pdf-vector-db:6333
2026-01-08 17:05:11,313 - text-searcher-api - INFO - Service initialized successfully.
2026-01-08 17:07:32,470 - search-service - INFO - Searching for: 'string' (limit: 5)
2026-01-08 17:07:32,724 - search-service - INFO - Found 5 matches for query.
2026-01-08 17:07:53,293 - search-service - INFO - Searching for: 'Table of contents Hyphenation' (limit: 5)
2026-01-08 17:07:53,334 - search-service - INFO - Found 5 matches for query.
2026-01-08 17:16:41,459 - text-searcher-api - INFO - Shutting down Text Searcher Microservice...
2026-01-08 17:28:48,982 - text-searcher-api - INFO - Starting Text Searcher Microservice...
2026-01-08 17:28:48,983 - search-service - INFO - Initializing Embedding Model (SentenceTransformer)...
2026-01-08 17:28:51,454 - search-service - INFO - Initializing Qdrant client at qdrant-pdf-vector-db:6333
2026-01-08 17:28:51,483 - text-searcher-api - INFO - Service initialized successfully.
2026-01-08 17:29:23,766 - search-service - INFO - Searching for: 'string' (limit: 5)
2026-01-08 17:29:23,895 - search-service - INFO - Fetching full text and metadata for 5 chunks from Postgres...
2026-01-08 17:29:23,943 - search-service - ERROR - Database fetch error: operator does not exist: uuid = text
LINE 8:                     WHERE ct.chunk_id = ANY(ARRAY['b2bd41f1-...
                                              ^
HINT:  No operator matches the given name and argument types. You might need to add explicit type casts.

2026-01-08 17:29:23,944 - search-service - INFO - Found 5 matches for query.
2026-01-08 17:29:51,155 - search-service - INFO - Searching for: 'Rounded borders CSS3' (limit: 5)
2026-01-08 17:29:51,234 - search-service - INFO - Fetching full text and metadata for 5 chunks from Postgres...
2026-01-08 17:29:51,276 - search-service - ERROR - Database fetch error: operator does not exist: uuid = text
LINE 8:                     WHERE ct.chunk_id = ANY(ARRAY['c6f66f20-...
                                              ^
HINT:  No operator matches the given name and argument types. You might need to add explicit type casts.

2026-01-08 17:29:51,276 - search-service - INFO - Found 5 matches for query.
2026-01-08 17:30:11,315 - search-service - INFO - Searching for: 'xt in this document is hyphenated. #2: Rounded borders CSS3' (limit: 5)
2026-01-08 17:30:11,359 - search-service - INFO - Fetching full text and metadata for 5 chunks from Postgres...
2026-01-08 17:30:11,372 - search-service - ERROR - Database fetch error: operator does not exist: uuid = text
LINE 8:                     WHERE ct.chunk_id = ANY(ARRAY['c6f66f20-...
                                              ^
HINT:  No operator matches the given name and argument types. You might need to add explicit type casts.

2026-01-08 17:30:11,372 - search-service - INFO - Found 5 matches for query.
2026-01-08 17:31:26,534 - search-service - INFO - Searching for: 'Cinematographers Guild, Local 871 (the script supervisors' union), one of the world's leading DITs, and Apple. See the separate attachment for a more detailed summary. NAB: Andreas and Audun travelled to the National Association of Broadcasters convention (NAB) in Las Vegas for three hectic days in April. NAB gathers 100,000 participants from film and TV. It's a very efficient way of meeting people in the business, and getting an' (limit: 3)
2026-01-08 17:31:26,620 - search-service - INFO - Fetching full text and metadata for 3 chunks from Postgres...
2026-01-08 17:31:26,636 - search-service - ERROR - Database fetch error: operator does not exist: uuid = text
LINE 8:                     WHERE ct.chunk_id = ANY(ARRAY['1a1b7680-...
                                              ^
HINT:  No operator matches the given name and argument types. You might need to add explicit type casts.

2026-01-08 17:31:26,636 - search-service - INFO - Found 3 matches for query.
2026-01-08 17:32:58,500 - search-service - INFO - Searching for: 'Andreas and Audun travelled in April to Las Vegas for three hectic days at the National Association of Broadcasters convention NAB, gathering 100,000 film and TV participants. It is a very efficient way of meeting people in the business, getting an overview. Apple, one of the world's leading DITs, and the Cinematographers Guild Local 871, the script supervisors' union, are included. See the separate attachment for a more detailed summary.' (limit: 3)
2026-01-08 17:32:58,770 - search-service - INFO - Fetching full text and metadata for 3 chunks from Postgres...
2026-01-08 17:32:58,789 - search-service - ERROR - Database fetch error: operator does not exist: uuid = text
LINE 8:                     WHERE ct.chunk_id = ANY(ARRAY['a0a2a82a-...
                                              ^
HINT:  No operator matches the given name and argument types. You might need to add explicit type casts.

2026-01-08 17:32:58,789 - search-service - INFO - Found 3 matches for query.
2026-01-08 17:33:30,330 - search-service - INFO - Searching for: 'I want to find info about 'Cinematographers Guild'' (limit: 3)
2026-01-08 17:33:30,394 - search-service - INFO - Fetching full text and metadata for 3 chunks from Postgres...
2026-01-08 17:33:30,404 - search-service - ERROR - Database fetch error: operator does not exist: uuid = text
LINE 8:                     WHERE ct.chunk_id = ANY(ARRAY['063569da-...
                                              ^
HINT:  No operator matches the given name and argument types. You might need to add explicit type casts.

2026-01-08 17:33:30,406 - search-service - INFO - Found 3 matches for query.
2026-01-08 17:34:04,780 - search-service - INFO - Searching for: 'I want to find info about 'Cinematographers Guild, Local 871'' (limit: 3)
2026-01-08 17:34:04,842 - search-service - INFO - Fetching full text and metadata for 3 chunks from Postgres...
2026-01-08 17:34:04,851 - search-service - ERROR - Database fetch error: operator does not exist: uuid = text
LINE 8:                     WHERE ct.chunk_id = ANY(ARRAY['22f469b2-...
                                              ^
HINT:  No operator matches the given name and argument types. You might need to add explicit type casts.

2026-01-08 17:34:04,852 - search-service - INFO - Found 3 matches for query.
2026-01-08 17:38:02,989 - text-searcher-api - INFO - Shutting down Text Searcher Microservice...
2026-01-08 17:38:11,184 - text-searcher-api - INFO - Starting Text Searcher Microservice...
2026-01-08 17:38:11,184 - search-service - INFO - Initializing Embedding Model (SentenceTransformer)...
2026-01-08 17:38:13,699 - search-service - INFO - Initializing Qdrant client at qdrant-pdf-vector-db:6333
2026-01-08 17:38:13,732 - text-searcher-api - INFO - Service initialized successfully.
2026-01-08 17:38:52,860 - search-service - INFO - Searching for: 'VFX supervisor Dave' (limit: 5)
2026-01-08 17:38:52,966 - search-service - INFO - Targeting chunk IDs: ['83b6b7a7-1413-4d9c-af8c-41ee19b71ed7', '6ca2505a-8afa-4bd1-989b-8d3652761d90', '80c06b4f-f694-49da-af74-11ba4714978b', 'd43418ee-9f38-4748-ada7-b990e90acaf5', 'a0a2a82a-5186-459a-bf9e-888f361dc1de']
2026-01-08 17:38:52,967 - search-service - INFO - Fetching full text and metadata for 5 chunks from Postgres...
2026-01-08 17:38:52,985 - search-service - ERROR - Database fetch error: operator does not exist: uuid = text
LINE 8:                     WHERE ct.chunk_id = ANY(ARRAY['83b6b7a7-...
                                              ^
HINT:  No operator matches the given name and argument types. You might need to add explicit type casts.

2026-01-08 17:38:52,987 - search-service - WARNING - No Postgres record found for chunk_id: 83b6b7a7-1413-4d9c-af8c-41ee19b71ed7
2026-01-08 17:38:52,988 - search-service - WARNING - No Postgres record found for chunk_id: 6ca2505a-8afa-4bd1-989b-8d3652761d90
2026-01-08 17:38:52,989 - search-service - WARNING - No Postgres record found for chunk_id: 80c06b4f-f694-49da-af74-11ba4714978b
2026-01-08 17:38:52,989 - search-service - WARNING - No Postgres record found for chunk_id: d43418ee-9f38-4748-ada7-b990e90acaf5
2026-01-08 17:38:52,990 - search-service - WARNING - No Postgres record found for chunk_id: a0a2a82a-5186-459a-bf9e-888f361dc1de
2026-01-08 17:38:52,990 - search-service - INFO - Found 5 matches for query.
2026-01-08 17:39:11,964 - search-service - INFO - Searching for: 'VFX supervisor Dave' (limit: 5)
2026-01-08 17:39:12,057 - search-service - INFO - Targeting chunk IDs: ['83b6b7a7-1413-4d9c-af8c-41ee19b71ed7', '6ca2505a-8afa-4bd1-989b-8d3652761d90', '80c06b4f-f694-49da-af74-11ba4714978b', 'd43418ee-9f38-4748-ada7-b990e90acaf5', 'a0a2a82a-5186-459a-bf9e-888f361dc1de']
2026-01-08 17:39:12,060 - search-service - INFO - Fetching full text and metadata for 5 chunks from Postgres...
2026-01-08 17:39:12,079 - search-service - ERROR - Database fetch error: operator does not exist: uuid = text
LINE 8:                     WHERE ct.chunk_id = ANY(ARRAY['83b6b7a7-...
                                              ^
HINT:  No operator matches the given name and argument types. You might need to add explicit type casts.

2026-01-08 17:39:12,082 - search-service - WARNING - No Postgres record found for chunk_id: 83b6b7a7-1413-4d9c-af8c-41ee19b71ed7
2026-01-08 17:39:12,083 - search-service - WARNING - No Postgres record found for chunk_id: 6ca2505a-8afa-4bd1-989b-8d3652761d90
2026-01-08 17:39:12,083 - search-service - WARNING - No Postgres record found for chunk_id: 80c06b4f-f694-49da-af74-11ba4714978b
2026-01-08 17:39:12,083 - search-service - WARNING - No Postgres record found for chunk_id: d43418ee-9f38-4748-ada7-b990e90acaf5
2026-01-08 17:39:12,084 - search-service - WARNING - No Postgres record found for chunk_id: a0a2a82a-5186-459a-bf9e-888f361dc1de
2026-01-08 17:39:12,084 - search-service - INFO - Found 5 matches for query.
2026-01-08 17:39:32,796 - search-service - INFO - Searching for: 'VFX supervisor Dave' (limit: 5)
2026-01-08 17:39:32,873 - search-service - INFO - Targeting chunk IDs: ['83b6b7a7-1413-4d9c-af8c-41ee19b71ed7', '6ca2505a-8afa-4bd1-989b-8d3652761d90', '80c06b4f-f694-49da-af74-11ba4714978b', 'd43418ee-9f38-4748-ada7-b990e90acaf5', 'a0a2a82a-5186-459a-bf9e-888f361dc1de']
2026-01-08 17:39:32,874 - search-service - INFO - Fetching full text and metadata for 5 chunks from Postgres...
2026-01-08 17:39:32,886 - search-service - ERROR - Database fetch error: operator does not exist: uuid = text
LINE 8:                     WHERE ct.chunk_id = ANY(ARRAY['83b6b7a7-...
                                              ^
HINT:  No operator matches the given name and argument types. You might need to add explicit type casts.

2026-01-08 17:39:32,888 - search-service - WARNING - No Postgres record found for chunk_id: 83b6b7a7-1413-4d9c-af8c-41ee19b71ed7
2026-01-08 17:39:32,889 - search-service - WARNING - No Postgres record found for chunk_id: 6ca2505a-8afa-4bd1-989b-8d3652761d90
2026-01-08 17:39:32,890 - search-service - WARNING - No Postgres record found for chunk_id: 80c06b4f-f694-49da-af74-11ba4714978b
2026-01-08 17:39:32,891 - search-service - WARNING - No Postgres record found for chunk_id: d43418ee-9f38-4748-ada7-b990e90acaf5
2026-01-08 17:39:32,891 - search-service - WARNING - No Postgres record found for chunk_id: a0a2a82a-5186-459a-bf9e-888f361dc1de
2026-01-08 17:39:32,891 - search-service - INFO - Found 5 matches for query.
2026-01-08 17:39:45,441 - search-service - INFO - Searching for: 'string' (limit: 5)
2026-01-08 17:39:45,470 - search-service - INFO - Targeting chunk IDs: ['b2bd41f1-307e-4084-8047-427e56873a6b', '12f92e8d-d82c-461b-add4-dd97d0dd84a2', '744244a4-2df8-4926-9d74-0b0fe985b4e3', '67142ac5-dd54-471f-80a3-92586d2ff0ab', 'c6f66f20-5ea9-43b3-acde-532f485eb8c8']
2026-01-08 17:39:45,470 - search-service - INFO - Fetching full text and metadata for 5 chunks from Postgres...
2026-01-08 17:39:45,479 - search-service - ERROR - Database fetch error: operator does not exist: uuid = text
LINE 8:                     WHERE ct.chunk_id = ANY(ARRAY['b2bd41f1-...
                                              ^
HINT:  No operator matches the given name and argument types. You might need to add explicit type casts.

2026-01-08 17:39:45,480 - search-service - WARNING - No Postgres record found for chunk_id: b2bd41f1-307e-4084-8047-427e56873a6b
2026-01-08 17:39:45,481 - search-service - WARNING - No Postgres record found for chunk_id: 12f92e8d-d82c-461b-add4-dd97d0dd84a2
2026-01-08 17:39:45,481 - search-service - WARNING - No Postgres record found for chunk_id: 744244a4-2df8-4926-9d74-0b0fe985b4e3
2026-01-08 17:39:45,481 - search-service - WARNING - No Postgres record found for chunk_id: 67142ac5-dd54-471f-80a3-92586d2ff0ab
2026-01-08 17:39:45,481 - search-service - WARNING - No Postgres record found for chunk_id: c6f66f20-5ea9-43b3-acde-532f485eb8c8
2026-01-08 17:39:45,481 - search-service - INFO - Found 5 matches for query.
2026-01-08 17:40:41,533 - text-searcher-api - INFO - Shutting down Text Searcher Microservice...
2026-01-08 17:40:45,932 - text-searcher-api - INFO - Starting Text Searcher Microservice...
2026-01-08 17:40:45,933 - search-service - INFO - Initializing Embedding Model (SentenceTransformer)...
2026-01-08 17:40:48,660 - search-service - INFO - Initializing Qdrant client at qdrant-pdf-vector-db:6333
2026-01-08 17:40:48,680 - text-searcher-api - INFO - Service initialized successfully.
2026-01-08 17:41:04,577 - search-service - INFO - Searching for: 'string' (limit: 5)
2026-01-08 17:41:05,023 - search-service - INFO - Targeting chunk IDs: ['b2bd41f1-307e-4084-8047-427e56873a6b', '12f92e8d-d82c-461b-add4-dd97d0dd84a2', '744244a4-2df8-4926-9d74-0b0fe985b4e3', '67142ac5-dd54-471f-80a3-92586d2ff0ab', 'c6f66f20-5ea9-43b3-acde-532f485eb8c8']
2026-01-08 17:41:05,025 - search-service - INFO - Fetching full text and metadata for 5 chunks from Postgres...
2026-01-08 17:41:05,083 - search-service - INFO - Postgres returned 2 records for 5 searched IDs.
2026-01-08 17:41:05,085 - search-service - WARNING - No Postgres record found for chunk_id: 12f92e8d-d82c-461b-add4-dd97d0dd84a2
2026-01-08 17:41:05,087 - search-service - WARNING - No Postgres record found for chunk_id: 744244a4-2df8-4926-9d74-0b0fe985b4e3
2026-01-08 17:41:05,089 - search-service - WARNING - No Postgres record found for chunk_id: c6f66f20-5ea9-43b3-acde-532f485eb8c8
2026-01-08 17:41:05,091 - search-service - INFO - Found 5 matches for query.
2026-01-08 17:41:48,614 - search-service - INFO - Searching for: 'VFX supervisor Dave' (limit: 2)
2026-01-08 17:41:48,792 - search-service - INFO - Targeting chunk IDs: ['83b6b7a7-1413-4d9c-af8c-41ee19b71ed7', '6ca2505a-8afa-4bd1-989b-8d3652761d90']
2026-01-08 17:41:48,793 - search-service - INFO - Fetching full text and metadata for 2 chunks from Postgres...
2026-01-08 17:41:48,825 - search-service - INFO - Postgres returned 1 records for 2 searched IDs.
2026-01-08 17:41:48,829 - search-service - WARNING - No Postgres record found for chunk_id: 83b6b7a7-1413-4d9c-af8c-41ee19b71ed7
2026-01-08 17:41:48,830 - search-service - INFO - Found 2 matches for query.
2026-01-08 17:42:15,731 - search-service - INFO - Searching for: 'VFX' (limit: 2)
2026-01-08 17:42:15,775 - search-service - INFO - Targeting chunk IDs: ['83b6b7a7-1413-4d9c-af8c-41ee19b71ed7', '6ca2505a-8afa-4bd1-989b-8d3652761d90']
2026-01-08 17:42:15,775 - search-service - INFO - Fetching full text and metadata for 2 chunks from Postgres...
2026-01-08 17:42:15,786 - search-service - INFO - Postgres returned 1 records for 2 searched IDs.
2026-01-08 17:42:15,788 - search-service - WARNING - No Postgres record found for chunk_id: 83b6b7a7-1413-4d9c-af8c-41ee19b71ed7
2026-01-08 17:42:15,788 - search-service - INFO - Found 2 matches for query.
2026-01-08 17:42:30,288 - text-searcher-api - INFO - Shutting down Text Searcher Microservice...
2026-01-08 17:43:58,728 - text-searcher-api - INFO - Starting Text Searcher Microservice...
2026-01-08 17:43:58,729 - search-service - INFO - Initializing Embedding Model (SentenceTransformer)...
2026-01-08 17:44:01,265 - search-service - INFO - Initializing Qdrant client at qdrant-pdf-vector-db:6333
2026-01-08 17:44:01,303 - text-searcher-api - INFO - Service initialized successfully.
2026-01-08 17:57:34,686 - text-searcher-api - INFO - Shutting down Text Searcher Microservice...
2026-01-08 17:58:12,003 - text-searcher-api - INFO - Starting Text Searcher Microservice...
2026-01-08 17:58:12,004 - search-service - INFO - Initializing Embedding Model (SentenceTransformer)...
2026-01-08 17:58:14,825 - search-service - INFO - Initializing Qdrant client at qdrant-pdf-vector-db:6333
2026-01-08 17:58:14,846 - text-searcher-api - INFO - Service initialized successfully.
2026-01-08 18:19:28,807 - text-searcher-api - INFO - Shutting down Text Searcher Microservice...
2026-01-08 18:19:50,470 - text-searcher-api - INFO - Starting Text Searcher Microservice...
2026-01-08 18:19:50,470 - search-service - INFO - Initializing Embedding Model (SentenceTransformer)...
2026-01-08 18:19:53,537 - search-service - INFO - Initializing Qdrant client at qdrant-pdf-vector-db:6333
2026-01-08 18:19:53,574 - text-searcher-api - INFO - Service initialized successfully.
2026-01-08 18:21:28,266 - search-service - INFO - Searching for: 'Количествопыли,кислотыигрязиввоздухе' (limit: 5)
2026-01-08 18:21:28,486 - search-service - INFO - Targeting chunk IDs: ['9a680588-0ad0-49ef-baf5-a30c1fa68ae4', '1623ea35-5926-4f9d-adeb-eb7bec4468eb', 'beb95d12-af71-437f-8319-ac4d6755f334', '5e345703-6180-4425-93d1-ac67fde99248', '9f565353-a432-4ec7-8ff1-d5ed1d885608']
2026-01-08 18:21:28,486 - search-service - INFO - Fetching full text and metadata for 5 chunks from Postgres...
2026-01-08 18:21:28,510 - search-service - INFO - Postgres returned 5 records for 5 searched IDs.
2026-01-08 18:21:28,511 - search-service - INFO - Found 5 matches for query.
2026-01-08 18:28:32,563 - search-service - INFO - Searching for: 'Напряжение под нагрузкой' (limit: 5)
2026-01-08 18:28:32,646 - search-service - INFO - Targeting chunk IDs: ['5e345703-6180-4425-93d1-ac67fde99248', '9a680588-0ad0-49ef-baf5-a30c1fa68ae4', '227bfe30-457e-4aa2-90ae-65ba37727775', '1623ea35-5926-4f9d-adeb-eb7bec4468eb', 'beb95d12-af71-437f-8319-ac4d6755f334']
2026-01-08 18:28:32,647 - search-service - INFO - Fetching full text and metadata for 5 chunks from Postgres...
2026-01-08 18:28:32,673 - search-service - INFO - Postgres returned 5 records for 5 searched IDs.
2026-01-08 18:28:32,676 - search-service - INFO - Found 5 matches for query.
2026-01-08 18:31:42,906 - search-service - INFO - Searching for: 'UK-based businesses' (limit: 5)
2026-01-08 18:31:42,997 - search-service - INFO - Targeting chunk IDs: ['afcd920d-d86b-45b6-a453-0c3f0e81514d', '8226131b-7256-4fa3-a2a0-73bcf5250882', '23c583bc-727a-414c-b243-748baf7700cd', 'fa1b7db1-ede6-436e-a10d-9f7cce4cf9a4', '6b9bead2-716e-4a56-bc80-92bf4ee88be6']
2026-01-08 18:31:42,997 - search-service - INFO - Fetching full text and metadata for 5 chunks from Postgres...
2026-01-08 18:31:43,012 - search-service - INFO - Postgres returned 2 records for 5 searched IDs.
2026-01-08 18:31:43,012 - search-service - WARNING - No Postgres record found for chunk_id: afcd920d-d86b-45b6-a453-0c3f0e81514d
2026-01-08 18:31:43,013 - search-service - WARNING - No Postgres record found for chunk_id: 23c583bc-727a-414c-b243-748baf7700cd
2026-01-08 18:31:43,013 - search-service - WARNING - No Postgres record found for chunk_id: 6b9bead2-716e-4a56-bc80-92bf4ee88be6
2026-01-08 18:31:43,013 - search-service - INFO - Found 5 matches for query.
2026-01-09 01:48:55,940 - text-searcher-api - INFO - Shutting down Text Searcher Microservice...
2026-01-09 01:50:27,981 - text-searcher-api - INFO - Starting Text Searcher Microservice...
2026-01-09 01:50:27,986 - search-service - INFO - Initializing Embedding Model (SentenceTransformer)...
2026-01-09 01:50:35,140 - search-service - INFO - Initializing Qdrant client at qdrant-pdf-vector-db:6333
2026-01-09 01:50:35,280 - text-searcher-api - INFO - Service initialized successfully.
2026-01-09 01:51:10,547 - text-searcher-api - INFO - Shutting down Text Searcher Microservice...
2026-01-09 01:51:59,560 - text-searcher-api - INFO - Starting Text Searcher Microservice...
2026-01-09 01:51:59,562 - search-service - INFO - Initializing Embedding Model (SentenceTransformer)...
2026-01-09 01:52:11,177 - search-service - INFO - Initializing Qdrant client at qdrant-pdf-vector-db:6333
2026-01-09 01:52:11,458 - text-searcher-api - INFO - Service initialized successfully.
2026-01-09 02:24:32,163 - text-searcher-api - INFO - Shutting down Text Searcher Microservice...
2026-01-09 02:28:35,028 - text-searcher-api - INFO - Starting Text Searcher Microservice...
2026-01-09 02:28:35,033 - search-service - INFO - Initializing Embedding Model (SentenceTransformer)...
2026-01-09 02:28:39,102 - search-service - INFO - Initializing Qdrant client at qdrant-pdf-vector-db:6333
2026-01-09 02:28:39,128 - text-searcher-api - INFO - Service initialized successfully.
2026-01-09 03:02:27,587 - text-searcher-api - INFO - Shutting down Text Searcher Microservice...
2026-01-09 03:02:53,895 - text-searcher-api - INFO - Starting Text Searcher Microservice...
2026-01-09 03:02:53,898 - search-service - INFO - Initializing Embedding Model (SentenceTransformer)...
2026-01-09 03:02:57,136 - search-service - INFO - Initializing Qdrant client at qdrant-pdf-vector-db:6333
2026-01-09 03:02:57,164 - text-searcher-api - INFO - Service initialized successfully.
2026-01-09 15:32:56,710 - text-searcher-api - INFO - Shutting down Text Searcher Microservice...
2026-01-09 15:35:12,478 - text-searcher-api - INFO - Starting Text Searcher Microservice...
2026-01-09 15:35:12,479 - search-service - INFO - Initializing Embedding Model (SentenceTransformer)...
2026-01-09 15:35:15,019 - search-service - INFO - Initializing Qdrant client at qdrant-pdf-vector-db:6333
2026-01-09 15:35:15,055 - text-searcher-api - INFO - Service initialized successfully.
2026-01-09 15:36:11,139 - text-searcher-api - INFO - Shutting down Text Searcher Microservice...
2026-01-09 15:36:47,380 - text-searcher-api - INFO - Starting Text Searcher Microservice...
2026-01-09 15:36:47,380 - search-service - INFO - Initializing Embedding Model (SentenceTransformer)...
2026-01-09 15:36:49,709 - search-service - INFO - Initializing Qdrant client at qdrant-pdf-vector-db:6333
2026-01-09 15:36:49,732 - text-searcher-api - INFO - Service initialized successfully.
2026-01-09 15:54:30,300 - text-searcher-api - INFO - Shutting down Text Searcher Microservice...
2026-01-09 15:55:05,855 - text-searcher-api - INFO - Starting Text Searcher Microservice...
2026-01-09 15:55:05,858 - search-service - INFO - Initializing Embedding Model (SentenceTransformer)...
2026-01-09 15:55:08,480 - search-service - INFO - Initializing Qdrant client at qdrant-pdf-vector-db:6333
2026-01-09 15:55:08,502 - text-searcher-api - INFO - Service initialized successfully.
2026-01-09 15:57:57,035 - text-searcher-api - INFO - Shutting down Text Searcher Microservice...
2026-01-09 15:58:14,645 - text-searcher-api - INFO - Starting Text Searcher Microservice...
2026-01-09 15:58:14,645 - search-service - INFO - Initializing Embedding Model (SentenceTransformer)...
2026-01-09 15:58:17,201 - search-service - INFO - Initializing Qdrant client at qdrant-pdf-vector-db:6333
2026-01-09 15:58:17,231 - text-searcher-api - INFO - Service initialized successfully.
2026-01-09 16:16:47,222 - text-searcher-api - INFO - Shutting down Text Searcher Microservice...
2026-01-09 16:17:57,923 - text-searcher-api - INFO - Starting Text Searcher Microservice...
2026-01-09 16:17:57,924 - search-service - INFO - Initializing Embedding Model (SentenceTransformer)...
2026-01-09 16:18:01,933 - search-service - INFO - Initializing Qdrant client at qdrant-pdf-vector-db:6333
2026-01-09 16:18:01,955 - text-searcher-api - INFO - Service initialized successfully.
2026-01-10 13:46:37,820 - text-searcher-api - INFO - Starting Text Searcher Microservice...
2026-01-10 13:46:37,856 - search-service - INFO - Initializing Embedding Model (SentenceTransformer)...
2026-01-10 13:46:46,835 - search-service - INFO - Initializing Qdrant client at qdrant-pdf-vector-db:6333
2026-01-10 13:46:47,031 - text-searcher-api - INFO - Service initialized successfully.
2026-01-10 13:55:05,517 - text-searcher-api - INFO - Shutting down Text Searcher Microservice...
2026-01-10 13:55:16,879 - text-searcher-api - INFO - Starting Text Searcher Microservice...
2026-01-10 13:55:16,879 - search-service - INFO - Initializing Embedding Model (SentenceTransformer)...
2026-01-10 13:55:20,435 - search-service - INFO - Initializing Qdrant client at qdrant-vector-db:6333
2026-01-10 13:55:20,663 - text-searcher-api - INFO - Service initialized successfully.
2026-01-10 13:57:25,479 - text-searcher-api - INFO - Shutting down Text Searcher Microservice...
2026-01-10 13:57:55,653 - text-searcher-api - INFO - Starting Text Searcher Microservice...
2026-01-10 13:57:55,654 - search-service - INFO - Initializing Embedding Model (SentenceTransformer)...
2026-01-10 13:58:02,857 - search-service - INFO - Initializing Qdrant client at qdrant-vector-db:6333
2026-01-10 13:58:02,964 - text-searcher-api - INFO - Service initialized successfully.
2026-01-10 14:01:32,603 - text-searcher-api - INFO - Shutting down Text Searcher Microservice...
2026-01-10 14:02:22,937 - text-searcher-api - INFO - Starting Text Searcher Microservice...
2026-01-10 14:02:22,938 - search-service - INFO - Initializing Embedding Model (SentenceTransformer)...
2026-01-10 14:02:25,472 - search-service - INFO - Initializing Qdrant client at qdrant-vector-db:6333
2026-01-10 14:02:25,496 - text-searcher-api - INFO - Service initialized successfully.
2026-01-10 14:09:34,244 - text-searcher-api - INFO - Shutting down Text Searcher Microservice...
2026-01-10 14:10:00,231 - text-searcher-api - INFO - Starting Text Searcher Microservice...
2026-01-10 14:10:00,232 - search-service - INFO - Initializing Embedding Model (SentenceTransformer)...
2026-01-10 14:10:02,852 - search-service - INFO - Initializing Qdrant client at qdrant-vector-db:6333
2026-01-10 14:10:02,875 - text-searcher-api - INFO - Service initialized successfully.
2026-01-10 14:13:54,990 - text-searcher-api - INFO - Shutting down Text Searcher Microservice...
2026-01-10 14:14:15,341 - text-searcher-api - INFO - Starting Text Searcher Microservice...
2026-01-10 14:14:15,342 - search-service - INFO - Initializing Embedding Model (SentenceTransformer)...
2026-01-10 14:14:17,637 - search-service - INFO - Initializing Qdrant client at qdrant-vector-db:6333
2026-01-10 14:14:17,666 - text-searcher-api - INFO - Service initialized successfully.
2026-01-10 14:30:35,267 - text-searcher-api - INFO - Shutting down Text Searcher Microservice...
2026-01-10 14:30:53,366 - text-searcher-api - INFO - Starting Text Searcher Microservice...
2026-01-10 14:30:53,366 - search-service - INFO - Initializing Embedding Model (SentenceTransformer)...
2026-01-10 14:30:55,881 - search-service - INFO - Initializing Qdrant client at qdrant-vector-db:6333
2026-01-10 14:30:55,910 - text-searcher-api - INFO - Service initialized successfully.
2026-01-10 15:15:40,345 - text-searcher-api - INFO - Shutting down Text Searcher Microservice...
2026-01-10 15:16:03,597 - text-searcher-api - INFO - Starting Text Searcher Microservice...
2026-01-10 15:16:03,597 - search-service - INFO - Initializing Embedding Model (SentenceTransformer)...
2026-01-10 15:16:06,187 - search-service - INFO - Initializing Qdrant client at qdrant-vector-db:6333
2026-01-10 15:16:06,216 - text-searcher-api - INFO - Service initialized successfully.
2026-01-10 15:19:22,996 - text-searcher-api - INFO - Shutting down Text Searcher Microservice...
2026-01-10 15:20:06,151 - text-searcher-api - INFO - Starting Text Searcher Microservice...
2026-01-10 15:20:06,151 - search-service - INFO - Initializing Embedding Model (SentenceTransformer)...
2026-01-10 15:20:08,517 - search-service - INFO - Initializing Qdrant client at qdrant-vector-db:6333
2026-01-10 15:20:08,543 - text-searcher-api - INFO - Service initialized successfully.
2026-01-10 15:21:11,825 - text-searcher-api - INFO - Shutting down Text Searcher Microservice...
2026-01-10 15:21:31,723 - text-searcher-api - INFO - Starting Text Searcher Microservice...
2026-01-10 15:21:31,724 - search-service - INFO - Initializing Embedding Model (SentenceTransformer)...
2026-01-10 15:21:34,183 - search-service - INFO - Initializing Qdrant client at qdrant-vector-db:6333
2026-01-10 15:21:34,204 - text-searcher-api - INFO - Service initialized successfully.
2026-01-10 15:39:12,491 - text-searcher-api - INFO - Shutting down Text Searcher Microservice...
2026-01-10 15:39:58,515 - text-searcher-api - INFO - Starting Text Searcher Microservice...
2026-01-10 15:39:58,516 - search-service - INFO - Initializing Embedding Model (SentenceTransformer)...
2026-01-10 15:40:01,279 - search-service - INFO - Initializing Qdrant client at qdrant-vector-db:6333
2026-01-10 15:40:01,310 - text-searcher-api - INFO - Service initialized successfully.
2026-01-10 15:49:53,090 - text-searcher-api - INFO - Shutting down Text Searcher Microservice...
2026-01-10 15:50:13,839 - text-searcher-api - INFO - Starting Text Searcher Microservice...
2026-01-10 15:50:13,840 - search-service - INFO - Initializing Embedding Model (SentenceTransformer)...
2026-01-10 15:50:16,293 - search-service - INFO - Initializing Qdrant client at qdrant-vector-db:6333
2026-01-10 15:50:16,318 - text-searcher-api - INFO - Service initialized successfully.
2026-01-10 15:51:26,985 - text-searcher-api - INFO - Shutting down Text Searcher Microservice...
2026-01-10 15:51:43,300 - text-searcher-api - INFO - Starting Text Searcher Microservice...
2026-01-10 15:51:43,303 - search-service - INFO - Initializing Embedding Model (SentenceTransformer)...
2026-01-10 15:51:45,740 - search-service - INFO - Initializing Qdrant client at qdrant-vector-db:6333
2026-01-10 15:51:45,764 - text-searcher-api - INFO - Service initialized successfully.
2026-01-10 16:23:28,584 - text-searcher-api - INFO - Shutting down Text Searcher Microservice...
2026-01-10 16:23:57,471 - text-searcher-api - INFO - Starting Text Searcher Microservice...
2026-01-10 16:23:57,472 - search-service - INFO - Initializing Embedding Model (SentenceTransformer)...
2026-01-10 16:23:59,832 - search-service - INFO - Initializing Qdrant client at qdrant-vector-db:6333
2026-01-10 16:23:59,864 - text-searcher-api - INFO - Service initialized successfully.
2026-01-11 14:05:10,296 - text-searcher-api - INFO - Starting Text Searcher Microservice...
2026-01-11 14:05:10,305 - search-service - INFO - Initializing Embedding Model (SentenceTransformer)...
2026-01-11 14:05:13,377 - search-service - INFO - Initializing Qdrant client at qdrant-vector-db:6333
2026-01-11 14:05:13,451 - text-searcher-api - INFO - Service initialized successfully.
2026-01-11 15:09:25,306 - text-searcher-api - INFO - Shutting down Text Searcher Microservice...
2026-01-11 15:11:40,084 - text-searcher-api - INFO - Starting Text Searcher Microservice...
2026-01-11 15:11:40,085 - search-service - INFO - Initializing Embedding Model (SentenceTransformer)...
2026-01-11 15:11:43,384 - search-service - INFO - Initializing Qdrant client at qdrant-vector-db:6333
2026-01-11 15:11:43,424 - text-searcher-api - INFO - Service initialized successfully.
2026-01-11 15:11:45,336 - text-searcher-api - INFO - Shutting down Text Searcher Microservice...
2026-01-11 15:12:01,915 - text-searcher-api - INFO - Starting Text Searcher Microservice...
2026-01-11 15:12:01,915 - search-service - INFO - Initializing Embedding Model (SentenceTransformer)...
2026-01-11 15:12:04,053 - search-service - INFO - Initializing Qdrant client at qdrant-vector-db:6333
2026-01-11 15:12:04,082 - text-searcher-api - INFO - Service initialized successfully.
2026-01-11 15:37:43,333 - text-searcher-api - INFO - Shutting down Text Searcher Microservice...
2026-01-11 15:38:09,492 - text-searcher-api - INFO - Starting Text Searcher Microservice...
2026-01-11 15:38:09,494 - search-service - INFO - Initializing Embedding Model (SentenceTransformer)...
2026-01-11 15:38:11,854 - search-service - INFO - Initializing Qdrant client at qdrant-vector-db:6333
2026-01-11 15:38:11,970 - text-searcher-api - INFO - Service initialized successfully.
2026-01-11 15:40:39,737 - text-searcher-api - INFO - Shutting down Text Searcher Microservice...
2026-01-11 15:40:59,706 - text-searcher-api - INFO - Starting Text Searcher Microservice...
2026-01-11 15:40:59,706 - search-service - INFO - Initializing Embedding Model (SentenceTransformer)...
2026-01-11 15:41:01,918 - search-service - INFO - Initializing Qdrant client at qdrant-vector-db:6333
2026-01-11 15:41:01,936 - text-searcher-api - INFO - Service initialized successfully.
2026-01-11 15:48:24,298 - text-searcher-api - INFO - Shutting down Text Searcher Microservice...
2026-01-11 15:48:45,294 - text-searcher-api - INFO - Starting Text Searcher Microservice...
2026-01-11 15:48:45,295 - search-service - INFO - Initializing Embedding Model (SentenceTransformer)...
2026-01-11 15:48:47,736 - search-service - INFO - Initializing Qdrant client at qdrant-vector-db:6333
2026-01-11 15:48:47,756 - text-searcher-api - INFO - Service initialized successfully.
2026-01-11 16:11:46,261 - text-searcher-api - INFO - Shutting down Text Searcher Microservice...
2026-01-11 16:12:03,239 - text-searcher-api - INFO - Starting Text Searcher Microservice...
2026-01-11 16:12:03,239 - search-service - INFO - Initializing Embedding Model (SentenceTransformer)...
2026-01-11 16:12:05,721 - search-service - INFO - Initializing Qdrant client at qdrant-vector-db:6333
2026-01-11 16:12:05,758 - text-searcher-api - INFO - Service initialized successfully.
